[22-11-2024 16:00:48.989 INFO admin.Admin_01_Job_Titles] - Remove all file in ReportNG screenshot (image)
[22-11-2024 16:00:48.992 INFO admin.Admin_01_Job_Titles] - Delete success
[22-11-2024 16:00:48.992 INFO admin.Admin_01_Job_Titles] - Remove all file in Allure attachment (json file)
[22-11-2024 16:02:28.654 INFO admin.Admin_01_Job_Titles] - Remove all file in ReportNG screenshot (image)
[22-11-2024 16:02:28.657 INFO admin.Admin_01_Job_Titles] - Delete success
[22-11-2024 16:02:28.657 INFO admin.Admin_01_Job_Titles] - Remove all file in Allure attachment (json file)
[22-11-2024 16:03:37.224 INFO admin.Admin_01_Job_Titles] - OS name = windows 10
[22-11-2024 16:03:37.225 INFO admin.Admin_01_Job_Titles] - Driver instance name = chromedriver: chrome on windows (72b6b3ad7170e6497a493d847cf174f5)
[22-11-2024 16:03:37.234 INFO admin.Admin_01_Job_Titles] - no such window: target window already closed
from unknown error: web view not found
  (Session info: chrome=130.0.6723.119)
Build info: version: '4.21.0', revision: '79ed462ef4'
System info: os.name: 'Windows 10', os.arch: 'amd64', os.version: '10.0', java.version: '17.0.11'
Driver info: org.openqa.selenium.chrome.ChromeDriver
Command: [72b6b3ad7170e6497a493d847cf174f5, deleteAllCookies {}]
Capabilities {acceptInsecureCerts: false, browserName: chrome, browserVersion: 130.0.6723.119, chrome: {chromedriverVersion: 130.0.6723.116 (6ac35f94ae3..., userDataDir: C:\Users\DELL\AppData\Local...}, fedcm:accounts: true, goog:chromeOptions: {debuggerAddress: localhost:56016}, networkConnectionEnabled: false, pageLoadStrategy: normal, platformName: windows, proxy: Proxy(), se:cdp: ws://localhost:56016/devtoo..., se:cdpVersion: 130.0.6723.119, setWindowRect: true, strictFileInteractability: false, timeouts: {implicit: 0, pageLoad: 300000, script: 30000}, unhandledPromptBehavior: dismiss and notify, webauthn:extension:credBlob: true, webauthn:extension:largeBlob: true, webauthn:extension:minPinLength: true, webauthn:extension:prf: true, webauthn:virtualAuthenticators: true}
Session ID: 72b6b3ad7170e6497a493d847cf174f5
[22-11-2024 17:08:46.896 INFO admin.Admin_01_Job_Titles] - Remove all file in ReportNG screenshot (image)
[22-11-2024 17:08:46.900 INFO admin.Admin_01_Job_Titles] - Delete success
[22-11-2024 17:08:46.900 INFO admin.Admin_01_Job_Titles] - Remove all file in Allure attachment (json file)
[22-11-2024 17:09:10.925 INFO admin.Admin_01_Job_Titles] - OS name = windows 10
[22-11-2024 17:09:10.925 INFO admin.Admin_01_Job_Titles] - Driver instance name = chromedriver: chrome on windows (a08123e79905dd27cf195499b4a2e815)
[23-11-2024 14:11:09.574 INFO admin.Admin_01_Job_Titles] - Remove all file in ReportNG screenshot (image)
[23-11-2024 14:11:09.577 INFO admin.Admin_01_Job_Titles] - Delete success
[23-11-2024 14:11:09.577 INFO admin.Admin_01_Job_Titles] - Remove all file in Allure attachment (json file)
[23-11-2024 14:11:55.629 INFO admin.Admin_01_Job_Titles] - OS name = windows 10
[23-11-2024 14:11:55.630 INFO admin.Admin_01_Job_Titles] - Driver instance name = chromedriver: chrome on windows (8345a2b9ec1a8f5dc6d66c4e377fa619)
[23-11-2024 14:12:30.764 INFO pim.PIM_01_Employee] - Remove all file in ReportNG screenshot (image)
[23-11-2024 14:12:30.767 INFO pim.PIM_01_Employee] - Delete success
[23-11-2024 14:12:30.768 INFO pim.PIM_01_Employee] - Remove all file in Allure attachment (json file)
[23-11-2024 14:15:45.835 INFO pim.PIM_01_Employee] - OS name = windows 10
[23-11-2024 14:15:45.835 INFO pim.PIM_01_Employee] - Driver instance name = chromedriver: chrome on windows (2746f157fc9952dc891e4a0c9fe9b917)
[23-11-2024 14:26:56.899 INFO admin.Admin_01_Job_Titles] - Remove all file in ReportNG screenshot (image)
[23-11-2024 14:26:56.904 INFO admin.Admin_01_Job_Titles] - Delete success
[23-11-2024 14:26:56.904 INFO admin.Admin_01_Job_Titles] - Remove all file in Allure attachment (json file)
[23-11-2024 14:27:18.374 INFO admin.Admin_01_Job_Titles] - OS name = windows 10
[23-11-2024 14:27:18.375 INFO admin.Admin_01_Job_Titles] - Driver instance name = chromedriver: chrome on windows (370f068da1a8fa03184cdf9280e0338d)
[23-11-2024 14:28:08.074 INFO admin.Admin_02_Pay_Grades] - OS name = windows 10
[23-11-2024 14:28:08.075 INFO admin.Admin_02_Pay_Grades] - Driver instance name = chromedriver: chrome on windows (f32733b3da0bb77029465292a947cda0)
[23-11-2024 14:28:27.505 INFO admin.Admin_03_Employment_Status] - OS name = windows 10
[23-11-2024 14:28:27.506 INFO admin.Admin_03_Employment_Status] - Driver instance name = chromedriver: chrome on windows (5794428e7846c541ff1bfbd310601655)
[23-11-2024 14:31:47.147 INFO admin.Admin_01_Job_Titles] - Remove all file in ReportNG screenshot (image)
[23-11-2024 14:31:47.150 INFO admin.Admin_01_Job_Titles] - Delete success
[23-11-2024 14:31:47.150 INFO admin.Admin_01_Job_Titles] - Remove all file in Allure attachment (json file)
[23-11-2024 14:32:08.428 INFO admin.Admin_01_Job_Titles] - OS name = windows 10
[23-11-2024 14:32:08.428 INFO admin.Admin_01_Job_Titles] - Driver instance name = chromedriver: chrome on windows (7f3bf3a1556fb0d29652aadbcc1747de)
[23-11-2024 14:32:56.176 INFO admin.Admin_02_Pay_Grades] - OS name = windows 10
[23-11-2024 14:32:56.177 INFO admin.Admin_02_Pay_Grades] - Driver instance name = chromedriver: chrome on windows (604eeb971cf191a5122516486a37bdb5)
[23-11-2024 14:33:15.630 INFO admin.Admin_03_Employment_Status] - OS name = windows 10
[23-11-2024 14:33:15.631 INFO admin.Admin_03_Employment_Status] - Driver instance name = chromedriver: chrome on windows (87afc2a0182b4f8a64e1225f4bfe05fc)
[23-11-2024 14:36:10.649 INFO pim.PIM_01_Employee] - OS name = windows 10
[23-11-2024 14:36:10.650 INFO pim.PIM_01_Employee] - Driver instance name = chromedriver: chrome on windows (ec319d3de72f4197bfae62d830adf732)
[24-11-2024 15:52:50.402 INFO admin.Admin_01_Job_Titles] - Remove all file in ReportNG screenshot (image)
[24-11-2024 15:52:50.407 INFO admin.Admin_01_Job_Titles] - Delete success
[24-11-2024 15:52:50.407 INFO admin.Admin_01_Job_Titles] - Remove all file in Allure attachment (json file)
[24-11-2024 15:53:22.652 INFO admin.Admin_01_Job_Titles] - Remove all file in ReportNG screenshot (image)
[24-11-2024 15:53:22.655 INFO admin.Admin_01_Job_Titles] - Delete success
[24-11-2024 15:53:22.656 INFO admin.Admin_01_Job_Titles] - Remove all file in Allure attachment (json file)
[24-11-2024 15:54:03.622 INFO admin.Admin_01_Job_Titles] - OS name = windows 10
[24-11-2024 15:54:03.623 INFO admin.Admin_01_Job_Titles] - Driver instance name = chromedriver: chrome on windows (526a51fd219d47952a9d4e0ecbff9144)
[24-11-2024 15:54:49.890 INFO admin.Admin_02_Pay_Grades] - OS name = windows 10
[24-11-2024 15:54:49.891 INFO admin.Admin_02_Pay_Grades] - Driver instance name = chromedriver: chrome on windows (2c7b89088d17cc93f5931efa54187b2a)
[24-11-2024 15:55:09.641 INFO admin.Admin_03_Employment_Status] - OS name = windows 10
[24-11-2024 15:55:09.641 INFO admin.Admin_03_Employment_Status] - Driver instance name = chromedriver: chrome on windows (450061db1c772e38b078357a7cd66a3e)
[24-11-2024 15:58:05.219 INFO pim.PIM_01_Employee] - OS name = windows 10
[24-11-2024 15:58:05.219 INFO pim.PIM_01_Employee] - Driver instance name = chromedriver: chrome on windows (d0d174739357493ca2d48e575385e197)
[24-11-2024 16:01:58.020 INFO admin.Admin_01_Job_Titles] - Remove all file in ReportNG screenshot (image)
[24-11-2024 16:01:58.024 INFO admin.Admin_01_Job_Titles] - Delete success
[24-11-2024 16:01:58.025 INFO admin.Admin_01_Job_Titles] - Remove all file in Allure attachment (json file)
[24-11-2024 16:02:20.695 INFO admin.Admin_01_Job_Titles] - OS name = windows 10
[24-11-2024 16:02:20.695 INFO admin.Admin_01_Job_Titles] - Driver instance name = chromedriver: chrome on windows (5f077b7f1c4d5091a411e1e5889fef54)
[24-11-2024 16:03:06.711 INFO admin.Admin_02_Pay_Grades] - OS name = windows 10
[24-11-2024 16:03:06.711 INFO admin.Admin_02_Pay_Grades] - Driver instance name = chromedriver: chrome on windows (be0f66fe6fb3a273576252c5d5dde76c)
[24-11-2024 16:03:25.781 INFO admin.Admin_03_Employment_Status] - OS name = windows 10
[24-11-2024 16:03:25.782 INFO admin.Admin_03_Employment_Status] - Driver instance name = chromedriver: chrome on windows (8210ce358b924c8916fe2e190bd4971d)
[24-11-2024 16:06:03.367 INFO pim.PIM_01_Employee] - OS name = windows 10
[24-11-2024 16:06:03.368 INFO pim.PIM_01_Employee] - Driver instance name = chromedriver: chrome on windows (14c28186f83d791e9277a3aeede6d112)
[24-11-2024 16:09:55.141 INFO admin.Admin_02_Pay_Grades] - Remove all file in ReportNG screenshot (image)
[24-11-2024 16:09:55.144 INFO admin.Admin_02_Pay_Grades] - Delete success
[24-11-2024 16:09:55.144 INFO admin.Admin_02_Pay_Grades] - Remove all file in Allure attachment (json file)
[24-11-2024 16:11:15.124 INFO admin.Admin_02_Pay_Grades] - OS name = windows 10
[24-11-2024 16:11:15.125 INFO admin.Admin_02_Pay_Grades] - Driver instance name = chromedriver: chrome on windows (c51c8065fe3d632a9d64a2799183c67b)
[24-11-2024 16:11:58.927 INFO admin.Admin_02_Pay_Grades] - Remove all file in ReportNG screenshot (image)
[24-11-2024 16:11:58.930 INFO admin.Admin_02_Pay_Grades] - Delete success
[24-11-2024 16:11:58.931 INFO admin.Admin_02_Pay_Grades] - Remove all file in Allure attachment (json file)
[24-11-2024 16:13:24.259 INFO admin.Admin_02_Pay_Grades] - OS name = windows 10
[24-11-2024 16:13:24.259 INFO admin.Admin_02_Pay_Grades] - Driver instance name = chromedriver: chrome on windows (3ab0753f1da10b17dbbf1b72f74f6f86)
[24-11-2024 16:15:35.279 INFO admin.Admin_02_Pay_Grades] - Remove all file in ReportNG screenshot (image)
[24-11-2024 16:15:35.282 INFO admin.Admin_02_Pay_Grades] - Delete success
[24-11-2024 16:15:35.282 INFO admin.Admin_02_Pay_Grades] - Remove all file in Allure attachment (json file)
[24-11-2024 16:15:53.049 INFO admin.Admin_02_Pay_Grades] - OS name = windows 10
[24-11-2024 16:15:53.050 INFO admin.Admin_02_Pay_Grades] - Driver instance name = chromedriver: chrome on windows (bf18bd1ebd65cfc615973610e4731807)
[25-11-2024 21:16:01.409 INFO admin.Admin_01_Job_Titles] - Remove all file in ReportNG screenshot (image)
[25-11-2024 21:16:01.412 INFO admin.Admin_01_Job_Titles] - Delete success
[25-11-2024 21:16:01.413 INFO admin.Admin_01_Job_Titles] - Remove all file in Allure attachment (json file)
[25-11-2024 21:16:36.180 INFO admin.Admin_01_Job_Titles] - Remove all file in ReportNG screenshot (image)
[25-11-2024 21:16:36.184 INFO admin.Admin_01_Job_Titles] - Delete success
[25-11-2024 21:16:36.185 INFO admin.Admin_01_Job_Titles] - Remove all file in Allure attachment (json file)
[25-11-2024 21:17:26.576 INFO admin.Admin_01_Job_Titles] - Remove all file in ReportNG screenshot (image)
[25-11-2024 21:17:26.579 INFO admin.Admin_01_Job_Titles] - Delete success
[25-11-2024 21:17:26.579 INFO admin.Admin_01_Job_Titles] - Remove all file in Allure attachment (json file)
[25-11-2024 21:27:38.719 INFO admin.Admin_01_Job_Titles] - Remove all file in ReportNG screenshot (image)
[25-11-2024 21:27:38.722 INFO admin.Admin_01_Job_Titles] - Delete success
[25-11-2024 21:27:38.722 INFO admin.Admin_01_Job_Titles] - Remove all file in Allure attachment (json file)
[25-11-2024 21:28:10.264 INFO admin.Admin_01_Job_Titles] - OS name = windows 10
[25-11-2024 21:28:10.264 INFO admin.Admin_01_Job_Titles] - Driver instance name = chromedriver: chrome on windows (bd3e0d4fea8499c4de6301c12e994c82)
[25-11-2024 21:28:40.034 INFO admin.Admin_01_Job_Titles] - Remove all file in ReportNG screenshot (image)
[25-11-2024 21:28:40.037 INFO admin.Admin_01_Job_Titles] - Delete success
[25-11-2024 21:28:40.037 INFO admin.Admin_01_Job_Titles] - Remove all file in Allure attachment (json file)
[25-11-2024 21:29:13.155 INFO admin.Admin_01_Job_Titles] - OS name = windows 10
[25-11-2024 21:29:13.155 INFO admin.Admin_01_Job_Titles] - Driver instance name = chromedriver: chrome on windows (d02fbfd08995f9a50498891e6b278d52)
[30-11-2024 18:58:42.029 INFO admin.Admin_01_Job_Titles] - Remove all file in ReportNG screenshot (image)
[30-11-2024 18:58:42.034 INFO admin.Admin_01_Job_Titles] - Delete success
[30-11-2024 18:58:42.034 INFO admin.Admin_01_Job_Titles] - Remove all file in Allure attachment (json file)
[30-11-2024 22:35:40.998 INFO admin.Admin_01_Job_Titles] - Remove all file in ReportNG screenshot (image)
[30-11-2024 22:35:41.002 INFO admin.Admin_01_Job_Titles] - Delete success
[30-11-2024 22:35:41.002 INFO admin.Admin_01_Job_Titles] - Remove all file in Allure attachment (json file)
[30-11-2024 22:40:31.039 INFO admin.Admin_01_Job_Titles] - Remove all file in ReportNG screenshot (image)
[30-11-2024 22:40:31.042 INFO admin.Admin_01_Job_Titles] - Delete success
[30-11-2024 22:40:31.042 INFO admin.Admin_01_Job_Titles] - Remove all file in Allure attachment (json file)
[30-11-2024 22:41:25.203 INFO admin.Admin_01_Job_Titles] - Remove all file in ReportNG screenshot (image)
[30-11-2024 22:41:25.206 INFO admin.Admin_01_Job_Titles] - Delete success
[30-11-2024 22:41:25.206 INFO admin.Admin_01_Job_Titles] - Remove all file in Allure attachment (json file)
[01-12-2024 09:21:35.153 INFO admin.Admin_01_Job_Titles] - Remove all file in ReportNG screenshot (image)
[01-12-2024 09:21:35.158 INFO admin.Admin_01_Job_Titles] - Delete success
[01-12-2024 09:21:35.159 INFO admin.Admin_01_Job_Titles] - Remove all file in Allure attachment (json file)
[01-12-2024 09:22:12.417 INFO admin.Admin_01_Job_Titles] - OS name = windows 10
[01-12-2024 09:22:12.417 INFO admin.Admin_01_Job_Titles] - Cannot invoke "Object.toString()" because "this.driver" is null
[01-12-2024 09:22:22.089 INFO admin.Admin_01_Job_Titles] - OS name = windows 10
[01-12-2024 09:22:22.089 INFO admin.Admin_01_Job_Titles] - Cannot invoke "Object.toString()" because "this.driver" is null
[01-12-2024 09:22:26.073 INFO admin.Admin_01_Job_Titles] - OS name = windows 10
[01-12-2024 09:22:26.073 INFO admin.Admin_01_Job_Titles] - Cannot invoke "Object.toString()" because "this.driver" is null
[01-12-2024 09:23:20.013 INFO admin.Admin_01_Job_Titles] - Remove all file in ReportNG screenshot (image)
[01-12-2024 09:23:20.016 INFO admin.Admin_01_Job_Titles] - Delete success
[01-12-2024 09:23:20.016 INFO admin.Admin_01_Job_Titles] - Remove all file in Allure attachment (json file)
[01-12-2024 09:23:47.056 INFO admin.Admin_01_Job_Titles] - OS name = windows 10
[01-12-2024 09:23:47.057 INFO admin.Admin_01_Job_Titles] - Cannot invoke "Object.toString()" because "this.driver" is null
[01-12-2024 09:24:11.727 INFO admin.Admin_01_Job_Titles] - OS name = windows 10
[01-12-2024 09:24:11.728 INFO admin.Admin_01_Job_Titles] - Cannot invoke "Object.toString()" because "this.driver" is null
[01-12-2024 09:24:12.577 INFO admin.Admin_01_Job_Titles] - OS name = windows 10
[01-12-2024 09:24:12.577 INFO admin.Admin_01_Job_Titles] - Cannot invoke "Object.toString()" because "this.driver" is null
[01-12-2024 09:28:27.332 INFO admin.Admin_01_Job_Titles] - Remove all file in ReportNG screenshot (image)
[01-12-2024 09:28:27.335 INFO admin.Admin_01_Job_Titles] - Delete success
[01-12-2024 09:28:27.335 INFO admin.Admin_01_Job_Titles] - Remove all file in Allure attachment (json file)
[01-12-2024 09:29:13.675 INFO admin.Admin_01_Job_Titles] - OS name = windows 10
[01-12-2024 09:29:13.676 INFO admin.Admin_01_Job_Titles] - Cannot invoke "Object.toString()" because "this.driver" is null
[01-12-2024 09:29:43.318 INFO admin.Admin_01_Job_Titles] - OS name = windows 10
[01-12-2024 09:29:43.319 INFO admin.Admin_01_Job_Titles] - Cannot invoke "Object.toString()" because "this.driver" is null
[01-12-2024 09:33:44.267 INFO admin.Admin_01_Job_Titles] - Remove all file in ReportNG screenshot (image)
[01-12-2024 09:33:44.270 INFO admin.Admin_01_Job_Titles] - Delete success
[01-12-2024 09:33:44.270 INFO admin.Admin_01_Job_Titles] - Remove all file in Allure attachment (json file)
[01-12-2024 09:34:11.697 INFO admin.Admin_01_Job_Titles] - OS name = windows 10
[01-12-2024 09:34:11.697 INFO admin.Admin_01_Job_Titles] - Driver instance name = 
[01-12-2024 09:34:11.698 WARN admin.Admin_01_Job_Titles] - Could not determine browser driver name, skipping kill command.
[01-12-2024 09:34:11.698 WARN admin.Admin_01_Job_Titles] - Command is null, skipping process execution.
[01-12-2024 09:34:35.517 INFO admin.Admin_01_Job_Titles] - OS name = windows 10
[01-12-2024 09:34:35.517 INFO admin.Admin_01_Job_Titles] - Driver instance name = 
[01-12-2024 09:34:35.517 WARN admin.Admin_01_Job_Titles] - Could not determine browser driver name, skipping kill command.
[01-12-2024 09:34:35.517 WARN admin.Admin_01_Job_Titles] - Command is null, skipping process execution.
[01-12-2024 09:34:36.889 INFO admin.Admin_01_Job_Titles] - OS name = windows 10
[01-12-2024 09:34:36.889 INFO admin.Admin_01_Job_Titles] - Driver instance name = 
[01-12-2024 09:34:36.889 WARN admin.Admin_01_Job_Titles] - Could not determine browser driver name, skipping kill command.
[01-12-2024 09:34:36.890 WARN admin.Admin_01_Job_Titles] - Command is null, skipping process execution.
[01-12-2024 09:44:38.302 INFO admin.Admin_01_Job_Titles] - Remove all file in ReportNG screenshot (image)
[01-12-2024 09:44:38.305 INFO admin.Admin_01_Job_Titles] - Delete success
[01-12-2024 09:44:38.305 INFO admin.Admin_01_Job_Titles] - Remove all file in Allure attachment (json file)
[01-12-2024 09:45:04.611 INFO admin.Admin_01_Job_Titles] - OS name = windows 10
[01-12-2024 09:45:04.611 INFO admin.Admin_01_Job_Titles] - Driver instance name = 
[01-12-2024 09:45:04.611 WARN admin.Admin_01_Job_Titles] - Could not determine browser driver name, skipping kill command.
[01-12-2024 09:45:04.611 WARN admin.Admin_01_Job_Titles] - Command is null, skipping process execution.
[01-12-2024 09:45:30.532 INFO admin.Admin_01_Job_Titles] - OS name = windows 10
[01-12-2024 09:45:30.534 INFO admin.Admin_01_Job_Titles] - Driver instance name = 
[01-12-2024 09:45:30.534 WARN admin.Admin_01_Job_Titles] - Could not determine browser driver name, skipping kill command.
[01-12-2024 09:45:30.534 WARN admin.Admin_01_Job_Titles] - Command is null, skipping process execution.
[01-12-2024 09:45:32.856 INFO admin.Admin_01_Job_Titles] - OS name = windows 10
[01-12-2024 09:45:32.856 INFO admin.Admin_01_Job_Titles] - Driver instance name = 
[01-12-2024 09:45:32.857 WARN admin.Admin_01_Job_Titles] - Could not determine browser driver name, skipping kill command.
[01-12-2024 09:45:32.857 WARN admin.Admin_01_Job_Titles] - Command is null, skipping process execution.
